
Cadence Innovus(TM) Implementation System.
Copyright 2017 Cadence Design Systems, Inc. All rights reserved worldwide.

Version:	v17.12-s095_1, built Thu Nov 9 12:10:01 PST 2017
Options:	
Date:		Mon Dec 18 15:38:31 2023
Host:		cadence5 (x86_64 w/Linux 3.10.0-1160.el7.x86_64) (4cores*4cpus*Intel(R) Xeon(R) CPU E5-1607 v3 @ 3.10GHz 10240KB)
OS:		Red Hat Enterprise Linux Server release 7.9 (Maipo)

License:
		invs	Innovus Implementation System	17.1	checkout succeeded
		8 CPU jobs allowed with the current license(s). Use setMultiCpuUsage to set your required CPU count.
Change the soft stacksize limit to 0.2%RAM (15 mbytes). Set global soft_stack_size_limit to change the value.

**INFO:  MMMC transition support version v31-84 

<CMD> set_global _enable_mmmc_by_default_flow      $CTE::mmmc_default
<CMD> suppressMessage ENCEXT-2799
<CMD> getVersion
<CMD> getVersion
[INFO] Loading PVS 16.12-s208 fill procedures
<CMD> getDrawView
<CMD> loadWorkspace -name Physical
<CMD> win
<CMD> save_global ram.globals
<CMD> set init_gnd_net {VSS VSSO 1VSS 1VSSO 2VSS 2VSSO 3VSS 3VSSO}
<CMD> set init_lef_file {../../../pdk/scl_pdk/stdlib/fs120/tech_data/lef/tsl180l4.lef ../../../pdk/scl_pdk/stdlib/fs120/lef/tsl18fs120_scl.lef ../../../pdk/scl_pdk/iolib/cio250/cds/lef/tsl18cio250_4lm.lef}
<CMD> set init_verilog innovusinputfiles/ram_netlist.v
<CMD> set init_mmmc_file innovusinputfiles/viewDefinition.tcl
<CMD> set init_io_file innovusinputfiles/padframe_ram1.io
<CMD> set init_pwr_net {VDD VDDO 1VDD 1VDDO 2VDD 2VDDO 3VDD 3VDDO}
<CMD> init_design
#% Begin Load MMMC data ... (date=12/18 15:40:48, mem=483.1M)
#% End Load MMMC data ... (date=12/18 15:40:48, total cpu=0:00:00.0, real=0:00:00.0, peak res=483.1M, current mem=482.9M)
my_rc_corner_worst

Loading LEF file ../../../pdk/scl_pdk/stdlib/fs120/tech_data/lef/tsl180l4.lef ...

Loading LEF file ../../../pdk/scl_pdk/stdlib/fs120/lef/tsl18fs120_scl.lef ...
Set DBUPerIGU to M2 pitch 560.

Loading LEF file ../../../pdk/scl_pdk/iolib/cio250/cds/lef/tsl18cio250_4lm.lef ...
**WARN: (IMPLF-200):	Pin 'PAD' in macro 'apc3d01' has no ANTENNAGATEAREA value defined. The library data is incomplete and some process antenna rules will not be checked correctly.
Type 'man IMPLF-200' for more detail.
**WARN: (IMPLF-200):	Pin 'PAD' in macro 'pc3b01' has no ANTENNAGATEAREA value defined. The library data is incomplete and some process antenna rules will not be checked correctly.
Type 'man IMPLF-200' for more detail.
**WARN: (IMPLF-200):	Pin 'PAD' in macro 'pc3b01d' has no ANTENNAGATEAREA value defined. The library data is incomplete and some process antenna rules will not be checked correctly.
Type 'man IMPLF-200' for more detail.
**WARN: (IMPLF-200):	Pin 'PAD' in macro 'pc3b01u' has no ANTENNAGATEAREA value defined. The library data is incomplete and some process antenna rules will not be checked correctly.
Type 'man IMPLF-200' for more detail.
**WARN: (IMPLF-200):	Pin 'PAD' in macro 'pc3b02' has no ANTENNAGATEAREA value defined. The library data is incomplete and some process antenna rules will not be checked correctly.
Type 'man IMPLF-200' for more detail.
**WARN: (IMPLF-200):	Pin 'PAD' in macro 'pc3b02d' has no ANTENNAGATEAREA value defined. The library data is incomplete and some process antenna rules will not be checked correctly.
Type 'man IMPLF-200' for more detail.
**WARN: (IMPLF-200):	Pin 'PAD' in macro 'pc3b02u' has no ANTENNAGATEAREA value defined. The library data is incomplete and some process antenna rules will not be checked correctly.
Type 'man IMPLF-200' for more detail.
**WARN: (IMPLF-200):	Pin 'PAD' in macro 'pc3b03' has no ANTENNAGATEAREA value defined. The library data is incomplete and some process antenna rules will not be checked correctly.
Type 'man IMPLF-200' for more detail.
**WARN: (IMPLF-200):	Pin 'PAD' in macro 'pc3b03d' has no ANTENNAGATEAREA value defined. The library data is incomplete and some process antenna rules will not be checked correctly.
Type 'man IMPLF-200' for more detail.
**WARN: (IMPLF-200):	Pin 'PAD' in macro 'pc3b03ed' has no ANTENNAGATEAREA value defined. The library data is incomplete and some process antenna rules will not be checked correctly.
Type 'man IMPLF-200' for more detail.
**WARN: (IMPLF-200):	Pin 'PAD' in macro 'pc3b03u' has no ANTENNAGATEAREA value defined. The library data is incomplete and some process antenna rules will not be checked correctly.
Type 'man IMPLF-200' for more detail.
**WARN: (IMPLF-200):	Pin 'PAD' in macro 'pc3b04' has no ANTENNAGATEAREA value defined. The library data is incomplete and some process antenna rules will not be checked correctly.
Type 'man IMPLF-200' for more detail.
**WARN: (IMPLF-200):	Pin 'PAD' in macro 'pc3b04d' has no ANTENNAGATEAREA value defined. The library data is incomplete and some process antenna rules will not be checked correctly.
Type 'man IMPLF-200' for more detail.
**WARN: (IMPLF-200):	Pin 'PAD' in macro 'pc3b04u' has no ANTENNAGATEAREA value defined. The library data is incomplete and some process antenna rules will not be checked correctly.
Type 'man IMPLF-200' for more detail.
**WARN: (IMPLF-200):	Pin 'PAD' in macro 'pc3b05' has no ANTENNAGATEAREA value defined. The library data is incomplete and some process antenna rules will not be checked correctly.
Type 'man IMPLF-200' for more detail.
**WARN: (IMPLF-200):	Pin 'PAD' in macro 'pc3b05d' has no ANTENNAGATEAREA value defined. The library data is incomplete and some process antenna rules will not be checked correctly.
Type 'man IMPLF-200' for more detail.
**WARN: (IMPLF-200):	Pin 'PAD' in macro 'pc3b05u' has no ANTENNAGATEAREA value defined. The library data is incomplete and some process antenna rules will not be checked correctly.
Type 'man IMPLF-200' for more detail.
**WARN: (IMPLF-200):	Pin 'PAD' in macro 'pc3b21eu' has no ANTENNAGATEAREA value defined. The library data is incomplete and some process antenna rules will not be checked correctly.
Type 'man IMPLF-200' for more detail.
**WARN: (IMPLF-200):	Pin 'PAD' in macro 'pc3b25eu' has no ANTENNAGATEAREA value defined. The library data is incomplete and some process antenna rules will not be checked correctly.
Type 'man IMPLF-200' for more detail.
**WARN: (IMPLF-200):	Pin 'PAD' in macro 'pc3d00' has no ANTENNAGATEAREA value defined. The library data is incomplete and some process antenna rules will not be checked correctly.
Type 'man IMPLF-200' for more detail.
**WARN: (EMS-27):	Message (IMPLF-200) has exceeded the current message display limit of 20.
To increase the message display limit, refer to the product command reference manual.

viaInitial starts at Mon Dec 18 15:40:48 2023
viaInitial ends at Mon Dec 18 15:40:48 2023
Loading view definition file from innovusinputfiles/viewDefinition.tcl
Reading my_max_library_set timing library '/home/vlsi5/pdk/scl_pdk/stdlib/fs120/liberty/lib_flow_ss/tsl18fs120_scl_ss.lib' ...
Both ff/latch and statetable are present in cell 'lanht4'. Only ff/latch will be used to model sequential cell behavior and statetable will be ignored (File /home/vlsi5/pdk/scl_pdk/stdlib/fs120/liberty/lib_flow_ss/tsl18fs120_scl_ss.lib)
Both ff/latch and statetable are present in cell 'lanht2'. Only ff/latch will be used to model sequential cell behavior and statetable will be ignored (File /home/vlsi5/pdk/scl_pdk/stdlib/fs120/liberty/lib_flow_ss/tsl18fs120_scl_ss.lib)
**WARN: (TECHLIB-436):	Attribute 'max_capacitance' on 'output/inout' pin 'I' of cell 'bh01d1' is not defined in the library. (File /home/vlsi5/pdk/scl_pdk/stdlib/fs120/liberty/lib_flow_ss/tsl18fs120_scl_ss.lib)
**WARN: (TECHLIB-436):	Attribute 'max_fanout' on 'output/inout' pin 'I' of cell 'bh01d1' is not defined in the library. (File /home/vlsi5/pdk/scl_pdk/stdlib/fs120/liberty/lib_flow_ss/tsl18fs120_scl_ss.lib)
Both ff/latch and statetable are present in cell 'lanht1'. Only ff/latch will be used to model sequential cell behavior and statetable will be ignored (File /home/vlsi5/pdk/scl_pdk/stdlib/fs120/liberty/lib_flow_ss/tsl18fs120_scl_ss.lib)
Read 534 cells in library 'tsl18fs120_scl_ss' 
Reading my_max_library_set timing library '/home/vlsi5/pdk/scl_pdk/iolib/cio250/synopsys/2002.05/models/tsl18cio250_max.lib' ...
**ERROR: (TECHLIB-1318):	All the table values in the 'rise_transition' group are within '0.000010' of each other. (File /home/vlsi5/pdk/scl_pdk/iolib/cio250/synopsys/2002.05/models/tsl18cio250_max.lib, Line 1171)
**ERROR: (TECHLIB-1318):	All the table values in the 'fall_transition' group are within '0.000010' of each other. (File /home/vlsi5/pdk/scl_pdk/iolib/cio250/synopsys/2002.05/models/tsl18cio250_max.lib, Line 1185)
**ERROR: (TECHLIB-1318):	All the table values in the 'rise_transition' group are within '0.000010' of each other. (File /home/vlsi5/pdk/scl_pdk/iolib/cio250/synopsys/2002.05/models/tsl18cio250_max.lib, Line 1408)
**ERROR: (TECHLIB-1318):	All the table values in the 'fall_transition' group are within '0.000010' of each other. (File /home/vlsi5/pdk/scl_pdk/iolib/cio250/synopsys/2002.05/models/tsl18cio250_max.lib, Line 1422)
**ERROR: (TECHLIB-1318):	All the table values in the 'rise_transition' group are within '0.000010' of each other. (File /home/vlsi5/pdk/scl_pdk/iolib/cio250/synopsys/2002.05/models/tsl18cio250_max.lib, Line 1644)
**ERROR: (TECHLIB-1318):	All the table values in the 'fall_transition' group are within '0.000010' of each other. (File /home/vlsi5/pdk/scl_pdk/iolib/cio250/synopsys/2002.05/models/tsl18cio250_max.lib, Line 1658)
**ERROR: (TECHLIB-1318):	All the table values in the 'rise_transition' group are within '0.000010' of each other. (File /home/vlsi5/pdk/scl_pdk/iolib/cio250/synopsys/2002.05/models/tsl18cio250_max.lib, Line 1880)
**ERROR: (TECHLIB-1318):	All the table values in the 'fall_transition' group are within '0.000010' of each other. (File /home/vlsi5/pdk/scl_pdk/iolib/cio250/synopsys/2002.05/models/tsl18cio250_max.lib, Line 1894)
**ERROR: (TECHLIB-1318):	All the table values in the 'rise_transition' group are within '0.000010' of each other. (File /home/vlsi5/pdk/scl_pdk/iolib/cio250/synopsys/2002.05/models/tsl18cio250_max.lib, Line 2117)
**ERROR: (TECHLIB-1318):	All the table values in the 'fall_transition' group are within '0.000010' of each other. (File /home/vlsi5/pdk/scl_pdk/iolib/cio250/synopsys/2002.05/models/tsl18cio250_max.lib, Line 2131)
**ERROR: (TECHLIB-1318):	All the table values in the 'rise_transition' group are within '0.000010' of each other. (File /home/vlsi5/pdk/scl_pdk/iolib/cio250/synopsys/2002.05/models/tsl18cio250_max.lib, Line 2354)
**ERROR: (TECHLIB-1318):	All the table values in the 'fall_transition' group are within '0.000010' of each other. (File /home/vlsi5/pdk/scl_pdk/iolib/cio250/synopsys/2002.05/models/tsl18cio250_max.lib, Line 2368)
**ERROR: (TECHLIB-1318):	All the table values in the 'rise_transition' group are within '0.000010' of each other. (File /home/vlsi5/pdk/scl_pdk/iolib/cio250/synopsys/2002.05/models/tsl18cio250_max.lib, Line 2590)
**ERROR: (TECHLIB-1318):	All the table values in the 'fall_transition' group are within '0.000010' of each other. (File /home/vlsi5/pdk/scl_pdk/iolib/cio250/synopsys/2002.05/models/tsl18cio250_max.lib, Line 2604)
**ERROR: (TECHLIB-1318):	All the table values in the 'rise_transition' group are within '0.000010' of each other. (File /home/vlsi5/pdk/scl_pdk/iolib/cio250/synopsys/2002.05/models/tsl18cio250_max.lib, Line 2827)
**ERROR: (TECHLIB-1318):	All the table values in the 'fall_transition' group are within '0.000010' of each other. (File /home/vlsi5/pdk/scl_pdk/iolib/cio250/synopsys/2002.05/models/tsl18cio250_max.lib, Line 2841)
**ERROR: (TECHLIB-1318):	All the table values in the 'rise_transition' group are within '0.000010' of each other. (File /home/vlsi5/pdk/scl_pdk/iolib/cio250/synopsys/2002.05/models/tsl18cio250_max.lib, Line 3071)
**ERROR: (TECHLIB-1318):	All the table values in the 'fall_transition' group are within '0.000010' of each other. (File /home/vlsi5/pdk/scl_pdk/iolib/cio250/synopsys/2002.05/models/tsl18cio250_max.lib, Line 3085)
**ERROR: (TECHLIB-1318):	All the table values in the 'rise_transition' group are within '0.000010' of each other. (File /home/vlsi5/pdk/scl_pdk/iolib/cio250/synopsys/2002.05/models/tsl18cio250_max.lib, Line 3308)
**ERROR: (TECHLIB-1318):	All the table values in the 'fall_transition' group are within '0.000010' of each other. (File /home/vlsi5/pdk/scl_pdk/iolib/cio250/synopsys/2002.05/models/tsl18cio250_max.lib, Line 3322)
Message <TECHLIB-1318> has exceeded the message display limit of '20'. Use 'set_message -no_limit -id list_of_msgIDs' to reset the message limit.
**WARN: (TECHLIB-436):	Attribute 'max_capacitance' on 'output/inout' pin 'XOUT' of cell 'pc3x11' is not defined in the library. (File /home/vlsi5/pdk/scl_pdk/iolib/cio250/synopsys/2002.05/models/tsl18cio250_max.lib)
**WARN: (TECHLIB-436):	Attribute 'max_fanout' on 'output/inout' pin 'XOUT' of cell 'pc3x11' is not defined in the library. (File /home/vlsi5/pdk/scl_pdk/iolib/cio250/synopsys/2002.05/models/tsl18cio250_max.lib)
**WARN: (TECHLIB-436):	Attribute 'max_capacitance' on 'output/inout' pin 'XOUT' of cell 'pc3x12' is not defined in the library. (File /home/vlsi5/pdk/scl_pdk/iolib/cio250/synopsys/2002.05/models/tsl18cio250_max.lib)
**WARN: (TECHLIB-436):	Attribute 'max_fanout' on 'output/inout' pin 'XOUT' of cell 'pc3x12' is not defined in the library. (File /home/vlsi5/pdk/scl_pdk/iolib/cio250/synopsys/2002.05/models/tsl18cio250_max.lib)
**WARN: (TECHLIB-436):	Attribute 'max_capacitance' on 'output/inout' pin 'XOUT' of cell 'pc3x13' is not defined in the library. (File /home/vlsi5/pdk/scl_pdk/iolib/cio250/synopsys/2002.05/models/tsl18cio250_max.lib)
**WARN: (TECHLIB-436):	Attribute 'max_fanout' on 'output/inout' pin 'XOUT' of cell 'pc3x13' is not defined in the library. (File /home/vlsi5/pdk/scl_pdk/iolib/cio250/synopsys/2002.05/models/tsl18cio250_max.lib)
**WARN: (TECHLIB-436):	Attribute 'max_capacitance' on 'output/inout' pin 'PAD' of cell 'pc3d00' is not defined in the library. (File /home/vlsi5/pdk/scl_pdk/iolib/cio250/synopsys/2002.05/models/tsl18cio250_max.lib)
**WARN: (TECHLIB-436):	Attribute 'max_fanout' on 'output/inout' pin 'PAD' of cell 'pc3d00' is not defined in the library. (File /home/vlsi5/pdk/scl_pdk/iolib/cio250/synopsys/2002.05/models/tsl18cio250_max.lib)
**WARN: (TECHLIB-436):	Attribute 'max_capacitance' on 'output/inout' pin 'PADR' of cell 'pc3d00' is not defined in the library. (File /home/vlsi5/pdk/scl_pdk/iolib/cio250/synopsys/2002.05/models/tsl18cio250_max.lib)
**WARN: (TECHLIB-436):	Attribute 'max_fanout' on 'output/inout' pin 'PADR' of cell 'pc3d00' is not defined in the library. (File /home/vlsi5/pdk/scl_pdk/iolib/cio250/synopsys/2002.05/models/tsl18cio250_max.lib)
**WARN: (TECHLIB-436):	Attribute 'max_capacitance' on 'output/inout' pin 'AVSSO' of cell 'apv0a' is not defined in the library. (File /home/vlsi5/pdk/scl_pdk/iolib/cio250/synopsys/2002.05/models/tsl18cio250_max.lib)
**WARN: (TECHLIB-436):	Attribute 'max_fanout' on 'output/inout' pin 'AVSSO' of cell 'apv0a' is not defined in the library. (File /home/vlsi5/pdk/scl_pdk/iolib/cio250/synopsys/2002.05/models/tsl18cio250_max.lib)
**WARN: (TECHLIB-436):	Attribute 'max_capacitance' on 'output/inout' pin 'AVSS' of cell 'apv0i' is not defined in the library. (File /home/vlsi5/pdk/scl_pdk/iolib/cio250/synopsys/2002.05/models/tsl18cio250_max.lib)
**WARN: (TECHLIB-436):	Attribute 'max_fanout' on 'output/inout' pin 'AVSS' of cell 'apv0i' is not defined in the library. (File /home/vlsi5/pdk/scl_pdk/iolib/cio250/synopsys/2002.05/models/tsl18cio250_max.lib)
**WARN: (TECHLIB-436):	Attribute 'max_capacitance' on 'output/inout' pin 'AVDDO' of cell 'apvda' is not defined in the library. (File /home/vlsi5/pdk/scl_pdk/iolib/cio250/synopsys/2002.05/models/tsl18cio250_max.lib)
**WARN: (TECHLIB-436):	Attribute 'max_fanout' on 'output/inout' pin 'AVDDO' of cell 'apvda' is not defined in the library. (File /home/vlsi5/pdk/scl_pdk/iolib/cio250/synopsys/2002.05/models/tsl18cio250_max.lib)
**WARN: (TECHLIB-436):	Attribute 'max_capacitance' on 'output/inout' pin 'AVDD' of cell 'apvdi' is not defined in the library. (File /home/vlsi5/pdk/scl_pdk/iolib/cio250/synopsys/2002.05/models/tsl18cio250_max.lib)
**WARN: (TECHLIB-436):	Attribute 'max_fanout' on 'output/inout' pin 'AVDD' of cell 'apvdi' is not defined in the library. (File /home/vlsi5/pdk/scl_pdk/iolib/cio250/synopsys/2002.05/models/tsl18cio250_max.lib)
Message <TECHLIB-436> has exceeded the message display limit of '20'. Use 'set_message -no_limit -id list_of_msgIDs' to reset the message limit.
Read 93 cells in library 'tsl18cio250_max' 
Reading my_min_library_set timing library '/home/vlsi5/pdk/scl_pdk/stdlib/fs120/liberty/lib_flow_ff/tsl18fs120_scl_ff.lib' ...
Both ff/latch and statetable are present in cell 'lanht4'. Only ff/latch will be used to model sequential cell behavior and statetable will be ignored (File /home/vlsi5/pdk/scl_pdk/stdlib/fs120/liberty/lib_flow_ff/tsl18fs120_scl_ff.lib)
Both ff/latch and statetable are present in cell 'lanht2'. Only ff/latch will be used to model sequential cell behavior and statetable will be ignored (File /home/vlsi5/pdk/scl_pdk/stdlib/fs120/liberty/lib_flow_ff/tsl18fs120_scl_ff.lib)
Both ff/latch and statetable are present in cell 'lanht1'. Only ff/latch will be used to model sequential cell behavior and statetable will be ignored (File /home/vlsi5/pdk/scl_pdk/stdlib/fs120/liberty/lib_flow_ff/tsl18fs120_scl_ff.lib)
Read 534 cells in library 'tsl18fs120_scl_ff' 
Reading my_min_library_set timing library '/home/vlsi5/pdk/scl_pdk/iolib/cio250/synopsys/2002.05/models/tsl18cio250_min.lib' ...
Read 93 cells in library 'tsl18cio250_min' 
*** End library_loading (cpu=0.02min, real=0.03min, mem=30.3M, fe_cpu=0.47min, fe_real=2.32min, fe_mem=566.6M) ***
#% Begin Load netlist data ... (date=12/18 15:40:50, mem=565.6M)
*** Begin netlist parsing (mem=566.6M) ***
**WARN: (IMPVL-159):	Pin 'VDD' of cell 'aoim22d1' is defined in LEF but not in the timing library.
**WARN: (IMPVL-159):	Pin 'VSS' of cell 'aoim22d1' is defined in LEF but not in the timing library.
**WARN: (IMPVL-159):	Pin 'VDD' of cell 'or04d2' is defined in LEF but not in the timing library.
**WARN: (IMPVL-159):	Pin 'VSS' of cell 'or04d2' is defined in LEF but not in the timing library.
**WARN: (IMPVL-159):	Pin 'VDD' of cell 'an02d1' is defined in LEF but not in the timing library.
**WARN: (IMPVL-159):	Pin 'VSS' of cell 'an02d1' is defined in LEF but not in the timing library.
**WARN: (IMPVL-159):	Pin 'VDD' of cell 'nd02da' is defined in LEF but not in the timing library.
**WARN: (IMPVL-159):	Pin 'VSS' of cell 'nd02da' is defined in LEF but not in the timing library.
**WARN: (IMPVL-159):	Pin 'VDD' of cell 'dl03d2' is defined in LEF but not in the timing library.
**WARN: (IMPVL-159):	Pin 'VSS' of cell 'dl03d2' is defined in LEF but not in the timing library.
**WARN: (IMPVL-159):	Pin 'VDD' of cell 'invtd7' is defined in LEF but not in the timing library.
**WARN: (IMPVL-159):	Pin 'VSS' of cell 'invtd7' is defined in LEF but not in the timing library.
**WARN: (IMPVL-159):	Pin 'VDD' of cell 'slnht2' is defined in LEF but not in the timing library.
**WARN: (IMPVL-159):	Pin 'VSS' of cell 'slnht2' is defined in LEF but not in the timing library.
**WARN: (IMPVL-159):	Pin 'VDD' of cell 'aoim22d2' is defined in LEF but not in the timing library.
**WARN: (IMPVL-159):	Pin 'VSS' of cell 'aoim22d2' is defined in LEF but not in the timing library.
**WARN: (IMPVL-159):	Pin 'VDD' of cell 'mffnrb2' is defined in LEF but not in the timing library.
**WARN: (IMPVL-159):	Pin 'VSS' of cell 'mffnrb2' is defined in LEF but not in the timing library.
**WARN: (IMPVL-159):	Pin 'VDD' of cell 'nr03d7' is defined in LEF but not in the timing library.
**WARN: (IMPVL-159):	Pin 'VSS' of cell 'nr03d7' is defined in LEF but not in the timing library.
**WARN: (EMS-27):	Message (IMPVL-159) has exceeded the current message display limit of 20.
To increase the message display limit, refer to the product command reference manual.
Pin 'VDD' of cell 'pvdi' is declared as power/ground in LEF but as signal in timing library.  Treat it as power/ground.
Pin 'VDDC' of cell 'pvdc' is declared as power/ground in LEF but as signal in timing library.  Treat it as power/ground.
Pin 'VDDO' of cell 'pvda' is declared as power/ground in LEF but as signal in timing library.  Treat it as power/ground.
Pin 'VSS' of cell 'pv0i' is declared as power/ground in LEF but as signal in timing library.  Treat it as power/ground.
Pin 'VSS' of cell 'pv0f' is declared as power/ground in LEF but as signal in timing library.  Treat it as power/ground.
Pin 'VSSC' of cell 'pv0c' is declared as power/ground in LEF but as signal in timing library.  Treat it as power/ground.
Pin 'VSSO' of cell 'pv0a' is declared as power/ground in LEF but as signal in timing library.  Treat it as power/ground.
Pin 'AVDD' of cell 'apvdi' is declared as power/ground in LEF but as signal in timing library.  Treat it as power/ground.
Pin 'AVDDO' of cell 'apvda' is declared as power/ground in LEF but as signal in timing library.  Treat it as power/ground.
Pin 'AVSS' of cell 'apv0i' is declared as power/ground in LEF but as signal in timing library.  Treat it as power/ground.
Pin 'AVSSO' of cell 'apv0a' is declared as power/ground in LEF but as signal in timing library.  Treat it as power/ground.
Created 627 new cells from 4 timing libraries.
Reading netlist ...
Backslashed names will retain backslash and a trailing blank character.
**ERROR: (IMPVL-342):	Duplicate fterm name (data[31]) for cell (single_port_sync_ram).
**ERROR: (IMPVL-342):	Duplicate fterm name (data[30]) for cell (single_port_sync_ram).
**ERROR: (IMPVL-342):	Duplicate fterm name (data[29]) for cell (single_port_sync_ram).
**ERROR: (IMPVL-342):	Duplicate fterm name (data[28]) for cell (single_port_sync_ram).
**ERROR: (IMPVL-342):	Duplicate fterm name (data[27]) for cell (single_port_sync_ram).
**ERROR: (IMPVL-342):	Duplicate fterm name (data[26]) for cell (single_port_sync_ram).
**ERROR: (IMPVL-342):	Duplicate fterm name (data[25]) for cell (single_port_sync_ram).
**ERROR: (IMPVL-342):	Duplicate fterm name (data[24]) for cell (single_port_sync_ram).
**ERROR: (IMPVL-342):	Duplicate fterm name (data[23]) for cell (single_port_sync_ram).
**ERROR: (IMPVL-342):	Duplicate fterm name (data[22]) for cell (single_port_sync_ram).
**ERROR: (IMPVL-342):	Duplicate fterm name (data[21]) for cell (single_port_sync_ram).
**ERROR: (IMPVL-342):	Duplicate fterm name (data[20]) for cell (single_port_sync_ram).
**ERROR: (IMPVL-342):	Duplicate fterm name (data[19]) for cell (single_port_sync_ram).
**ERROR: (IMPVL-342):	Duplicate fterm name (data[18]) for cell (single_port_sync_ram).
**ERROR: (IMPVL-342):	Duplicate fterm name (data[17]) for cell (single_port_sync_ram).
**ERROR: (IMPVL-342):	Duplicate fterm name (data[16]) for cell (single_port_sync_ram).
**ERROR: (IMPVL-342):	Duplicate fterm name (data[15]) for cell (single_port_sync_ram).
**ERROR: (IMPVL-342):	Duplicate fterm name (data[14]) for cell (single_port_sync_ram).
**ERROR: (IMPVL-342):	Duplicate fterm name (data[13]) for cell (single_port_sync_ram).
**ERROR: (IMPVL-342):	Duplicate fterm name (data[12]) for cell (single_port_sync_ram).
**WARN: (EMS-27):	Message (IMPVL-342) has exceeded the current message display limit of 20.
To increase the message display limit, refer to the product command reference manual.
Verilog file 'innovusinputfiles/ram_netlist.v' has errors!  See above.

*** Memory Usage v#1 (Current mem = 566.633M, initial mem = 179.895M) ***
#% End Load netlist data ... (date=12/18 15:40:50, total cpu=0:00:00.0, real=0:00:00.0, peak res=565.6M, current mem=513.9M)
**ERROR: **ERROR: (IMPVL-902):	Failed to read netlist innovusinputfiles/ram_netlist.v. See previous error messages for details.  Resolve the issues and reload the design.


*** Memory Usage v#1 (Current mem = 566.633M, initial mem = 179.895M) ***
*** Message Summary: 1504 warning(s), 54 error(s)

--- Ending "Innovus" (totcpu=0:00:30.6, real=0:02:40, mem=566.6M) ---
